info it worked if it ends with ok
verbose cli [ 'node', '/usr/bin/npm', 'install', '-g' ]
info using npm@1.1.4
info using node@v0.6.12
verbose config file /home/dash/.npmrc
verbose config file /usr/etc/npmrc
verbose config file /usr/share/npm/npmrc
silly exec /usr/bin/node "/usr/share/npm/bin/npm-get-uid-gid.js" "nobody" 1000
silly spawning [ '/usr/bin/node',
silly spawning   [ '/usr/share/npm/bin/npm-get-uid-gid.js', 'nobody', 1000 ],
silly spawning   null ]
silly output from getuid/gid {"uid":65534,"gid":1000}
silly output from getuid/gid 
verbose cache add [ '.', null ]
silly cache add: name, spec, args [ undefined, '.', [ '.', null ] ]
verbose parsed url { pathname: '.', path: '.', href: '.' }
verbose caching package.json
verbose loadDefaults mean@0.1.2
verbose pack /home/dash/Projects/mean-test
verbose pack /home/dash/Projects/mean-test /tmp/npm-1391031034974/1391031034974-0.7848446134012192/tmp.tgz
silly makeList /home/dash/Projects/mean-test
silly dir, dirLen [ '/home/dash/Projects/mean-test', 30 ]
verbose tarball /tmp/npm-1391031034974/1391031034974-0.7848446134012192/tmp.tgz
verbose parent /home/dash/Projects/mean-test
verbose mkdir (expected) error ENOENT, no such file or directory '/home/dash/.npm'
verbose mkdir done: /home/dash/.npm 755
verbose mkdir (expected) error ENOENT, no such file or directory '/tmp/npm-1391031034974/1391031034974-0.7848446134012192/___package.npm'
verbose mkdir done: /tmp/npm-1391031034974/1391031034974-0.7848446134012192/___package.npm 755
verbose unpack_ uid, gid [ 1000, 1000 ]
verbose unpackTarget /tmp/npm-1391031034974/1391031034974-0.7848446134012192/package
silly gunzTarPerm modes [ '755', '644' ]
silly afterUntar ok
silly asyncMap in gTP /tmp/npm-1391031034974/1391031034974-0.7848446134012192/___package.npm/mean-test
silly asyncMap in gTP /tmp/npm-1391031034974/1391031034974-0.7848446134012192/___package.npm/mean-test/gruntfile.js
silly asyncMap in gTP /tmp/npm-1391031034974/1391031034974-0.7848446134012192/___package.npm/mean-test/.bowerrc
silly asyncMap in gTP /tmp/npm-1391031034974/1391031034974-0.7848446134012192/___package.npm/mean-test/package.json
silly asyncMap in gTP /tmp/npm-1391031034974/1391031034974-0.7848446134012192/___package.npm/mean-test/.slugignore
silly asyncMap in gTP /tmp/npm-1391031034974/1391031034974-0.7848446134012192/___package.npm/mean-test/bower.json
silly asyncMap in gTP /tmp/npm-1391031034974/1391031034974-0.7848446134012192/___package.npm/mean-test/README.md
silly asyncMap in gTP /tmp/npm-1391031034974/1391031034974-0.7848446134012192/___package.npm/mean-test/.npmignore
silly asyncMap in gTP /tmp/npm-1391031034974/1391031034974-0.7848446134012192/___package.npm/mean-test/.jshintrc
silly asyncMap in gTP /tmp/npm-1391031034974/1391031034974-0.7848446134012192/___package.npm/mean-test/.travis.yml
silly asyncMap in gTP /tmp/npm-1391031034974/1391031034974-0.7848446134012192/___package.npm/mean-test/Procfile
silly asyncMap in gTP /tmp/npm-1391031034974/1391031034974-0.7848446134012192/___package.npm/mean-test/server.js
silly asyncMap in gTP /tmp/npm-1391031034974/1391031034974-0.7848446134012192/___package.npm/mean-test/config
silly asyncMap in gTP /tmp/npm-1391031034974/1391031034974-0.7848446134012192/___package.npm/mean-test/config/passport.js
silly asyncMap in gTP /tmp/npm-1391031034974/1391031034974-0.7848446134012192/___package.npm/mean-test/config/config.js
silly asyncMap in gTP /tmp/npm-1391031034974/1391031034974-0.7848446134012192/___package.npm/mean-test/config/express.js
silly asyncMap in gTP /tmp/npm-1391031034974/1391031034974-0.7848446134012192/___package.npm/mean-test/config/env
silly asyncMap in gTP /tmp/npm-1391031034974/1391031034974-0.7848446134012192/___package.npm/mean-test/config/env/test.js
silly asyncMap in gTP /tmp/npm-1391031034974/1391031034974-0.7848446134012192/___package.npm/mean-test/config/env/production.js
silly asyncMap in gTP /tmp/npm-1391031034974/1391031034974-0.7848446134012192/___package.npm/mean-test/config/env/development.js
silly asyncMap in gTP /tmp/npm-1391031034974/1391031034974-0.7848446134012192/___package.npm/mean-test/config/env/all.js
silly asyncMap in gTP /tmp/npm-1391031034974/1391031034974-0.7848446134012192/___package.npm/mean-test/app
silly asyncMap in gTP /tmp/npm-1391031034974/1391031034974-0.7848446134012192/___package.npm/mean-test/app/controllers
silly asyncMap in gTP /tmp/npm-1391031034974/1391031034974-0.7848446134012192/___package.npm/mean-test/app/controllers/index.js
silly asyncMap in gTP /tmp/npm-1391031034974/1391031034974-0.7848446134012192/___package.npm/mean-test/app/controllers/users.js
silly asyncMap in gTP /tmp/npm-1391031034974/1391031034974-0.7848446134012192/___package.npm/mean-test/app/controllers/articles.js
silly asyncMap in gTP /tmp/npm-1391031034974/1391031034974-0.7848446134012192/___package.npm/mean-test/app/models
silly asyncMap in gTP /tmp/npm-1391031034974/1391031034974-0.7848446134012192/___package.npm/mean-test/app/models/user.js
silly asyncMap in gTP /tmp/npm-1391031034974/1391031034974-0.7848446134012192/___package.npm/mean-test/app/models/article.js
silly asyncMap in gTP /tmp/npm-1391031034974/1391031034974-0.7848446134012192/___package.npm/mean-test/app/views
silly asyncMap in gTP /tmp/npm-1391031034974/1391031034974-0.7848446134012192/___package.npm/mean-test/app/views/500.jade
silly asyncMap in gTP /tmp/npm-1391031034974/1391031034974-0.7848446134012192/___package.npm/mean-test/app/views/index.jade
silly asyncMap in gTP /tmp/npm-1391031034974/1391031034974-0.7848446134012192/___package.npm/mean-test/app/views/404.jade
silly asyncMap in gTP /tmp/npm-1391031034974/1391031034974-0.7848446134012192/___package.npm/mean-test/app/views/users
silly asyncMap in gTP /tmp/npm-1391031034974/1391031034974-0.7848446134012192/___package.npm/mean-test/app/views/users/auth.jade
silly asyncMap in gTP /tmp/npm-1391031034974/1391031034974-0.7848446134012192/___package.npm/mean-test/app/views/users/signup.jade
silly asyncMap in gTP /tmp/npm-1391031034974/1391031034974-0.7848446134012192/___package.npm/mean-test/app/views/users/signin.jade
silly asyncMap in gTP /tmp/npm-1391031034974/1391031034974-0.7848446134012192/___package.npm/mean-test/app/views/includes
silly asyncMap in gTP /tmp/npm-1391031034974/1391031034974-0.7848446134012192/___package.npm/mean-test/app/views/includes/head.jade
silly asyncMap in gTP /tmp/npm-1391031034974/1391031034974-0.7848446134012192/___package.npm/mean-test/app/views/includes/foot.jade
silly asyncMap in gTP /tmp/npm-1391031034974/1391031034974-0.7848446134012192/___package.npm/mean-test/app/views/layouts
silly asyncMap in gTP /tmp/npm-1391031034974/1391031034974-0.7848446134012192/___package.npm/mean-test/app/views/layouts/default.jade
silly asyncMap in gTP /tmp/npm-1391031034974/1391031034974-0.7848446134012192/___package.npm/mean-test/app/routes
silly asyncMap in gTP /tmp/npm-1391031034974/1391031034974-0.7848446134012192/___package.npm/mean-test/app/routes/index.js
silly asyncMap in gTP /tmp/npm-1391031034974/1391031034974-0.7848446134012192/___package.npm/mean-test/app/routes/users.js
silly asyncMap in gTP /tmp/npm-1391031034974/1391031034974-0.7848446134012192/___package.npm/mean-test/app/routes/articles.js
silly asyncMap in gTP /tmp/npm-1391031034974/1391031034974-0.7848446134012192/___package.npm/mean-test/app/routes/middlewares
silly asyncMap in gTP /tmp/npm-1391031034974/1391031034974-0.7848446134012192/___package.npm/mean-test/app/routes/middlewares/authorization.js
silly asyncMap in gTP /tmp/npm-1391031034974/1391031034974-0.7848446134012192/___package.npm/mean-test/public
silly asyncMap in gTP /tmp/npm-1391031034974/1391031034974-0.7848446134012192/___package.npm/mean-test/public/humans.txt
silly asyncMap in gTP /tmp/npm-1391031034974/1391031034974-0.7848446134012192/___package.npm/mean-test/public/robots.txt
silly asyncMap in gTP /tmp/npm-1391031034974/1391031034974-0.7848446134012192/___package.npm/mean-test/public/img
silly asyncMap in gTP /tmp/npm-1391031034974/1391031034974-0.7848446134012192/___package.npm/mean-test/public/img/.npmignore
silly asyncMap in gTP /tmp/npm-1391031034974/1391031034974-0.7848446134012192/___package.npm/mean-test/public/img/apple
silly asyncMap in gTP /tmp/npm-1391031034974/1391031034974-0.7848446134012192/___package.npm/mean-test/public/img/apple/apple-touch-icon-114x114-precomposed.png
silly asyncMap in gTP /tmp/npm-1391031034974/1391031034974-0.7848446134012192/___package.npm/mean-test/public/img/apple/apple-touch-icon-72x72-precomposed.png
silly asyncMap in gTP /tmp/npm-1391031034974/1391031034974-0.7848446134012192/___package.npm/mean-test/public/img/apple/apple-touch-icon-precomposed.png
silly asyncMap in gTP /tmp/npm-1391031034974/1391031034974-0.7848446134012192/___package.npm/mean-test/public/img/apple/splash2x.png
silly asyncMap in gTP /tmp/npm-1391031034974/1391031034974-0.7848446134012192/___package.npm/mean-test/public/img/apple/apple-touch-icon.png
silly asyncMap in gTP /tmp/npm-1391031034974/1391031034974-0.7848446134012192/___package.npm/mean-test/public/img/apple/apple-touch-icon-144x144-precomposed.png
silly asyncMap in gTP /tmp/npm-1391031034974/1391031034974-0.7848446134012192/___package.npm/mean-test/public/img/apple/apple-touch-icon-57x57-precomposed.png
silly asyncMap in gTP /tmp/npm-1391031034974/1391031034974-0.7848446134012192/___package.npm/mean-test/public/img/apple/splash.png
silly asyncMap in gTP /tmp/npm-1391031034974/1391031034974-0.7848446134012192/___package.npm/mean-test/public/img/sprites
silly asyncMap in gTP /tmp/npm-1391031034974/1391031034974-0.7848446134012192/___package.npm/mean-test/public/img/sprites/glyphicons-halflings.png
silly asyncMap in gTP /tmp/npm-1391031034974/1391031034974-0.7848446134012192/___package.npm/mean-test/public/img/sprites/glyphicons-halflings-white.png
silly asyncMap in gTP /tmp/npm-1391031034974/1391031034974-0.7848446134012192/___package.npm/mean-test/public/img/loaders
silly asyncMap in gTP /tmp/npm-1391031034974/1391031034974-0.7848446134012192/___package.npm/mean-test/public/img/loaders/loader.gif
silly asyncMap in gTP /tmp/npm-1391031034974/1391031034974-0.7848446134012192/___package.npm/mean-test/public/img/icons
silly asyncMap in gTP /tmp/npm-1391031034974/1391031034974-0.7848446134012192/___package.npm/mean-test/public/img/icons/google.png
silly asyncMap in gTP /tmp/npm-1391031034974/1391031034974-0.7848446134012192/___package.npm/mean-test/public/img/icons/github.png
silly asyncMap in gTP /tmp/npm-1391031034974/1391031034974-0.7848446134012192/___package.npm/mean-test/public/img/icons/favicon.ico
silly asyncMap in gTP /tmp/npm-1391031034974/1391031034974-0.7848446134012192/___package.npm/mean-test/public/img/icons/twitter.png
silly asyncMap in gTP /tmp/npm-1391031034974/1391031034974-0.7848446134012192/___package.npm/mean-test/public/img/icons/linkedin.png
silly asyncMap in gTP /tmp/npm-1391031034974/1391031034974-0.7848446134012192/___package.npm/mean-test/public/img/icons/facebook.png
silly asyncMap in gTP /tmp/npm-1391031034974/1391031034974-0.7848446134012192/___package.npm/mean-test/public/css
silly asyncMap in gTP /tmp/npm-1391031034974/1391031034974-0.7848446134012192/___package.npm/mean-test/public/css/common.css
silly asyncMap in gTP /tmp/npm-1391031034974/1391031034974-0.7848446134012192/___package.npm/mean-test/public/css/views
silly asyncMap in gTP /tmp/npm-1391031034974/1391031034974-0.7848446134012192/___package.npm/mean-test/public/css/views/articles.css
silly asyncMap in gTP /tmp/npm-1391031034974/1391031034974-0.7848446134012192/___package.npm/mean-test/public/js
silly asyncMap in gTP /tmp/npm-1391031034974/1391031034974-0.7848446134012192/___package.npm/mean-test/public/js/app.js
silly asyncMap in gTP /tmp/npm-1391031034974/1391031034974-0.7848446134012192/___package.npm/mean-test/public/js/directives.js
silly asyncMap in gTP /tmp/npm-1391031034974/1391031034974-0.7848446134012192/___package.npm/mean-test/public/js/config.js
silly asyncMap in gTP /tmp/npm-1391031034974/1391031034974-0.7848446134012192/___package.npm/mean-test/public/js/filters.js
silly asyncMap in gTP /tmp/npm-1391031034974/1391031034974-0.7848446134012192/___package.npm/mean-test/public/js/init.js
silly asyncMap in gTP /tmp/npm-1391031034974/1391031034974-0.7848446134012192/___package.npm/mean-test/public/js/controllers
silly asyncMap in gTP /tmp/npm-1391031034974/1391031034974-0.7848446134012192/___package.npm/mean-test/public/js/controllers/index.js
silly asyncMap in gTP /tmp/npm-1391031034974/1391031034974-0.7848446134012192/___package.npm/mean-test/public/js/controllers/header.js
silly asyncMap in gTP /tmp/npm-1391031034974/1391031034974-0.7848446134012192/___package.npm/mean-test/public/js/controllers/articles.js
silly asyncMap in gTP /tmp/npm-1391031034974/1391031034974-0.7848446134012192/___package.npm/mean-test/public/js/services
silly asyncMap in gTP /tmp/npm-1391031034974/1391031034974-0.7848446134012192/___package.npm/mean-test/public/js/services/articles.js
silly asyncMap in gTP /tmp/npm-1391031034974/1391031034974-0.7848446134012192/___package.npm/mean-test/public/js/services/global.js
silly asyncMap in gTP /tmp/npm-1391031034974/1391031034974-0.7848446134012192/___package.npm/mean-test/public/views
silly asyncMap in gTP /tmp/npm-1391031034974/1391031034974-0.7848446134012192/___package.npm/mean-test/public/views/index.html
silly asyncMap in gTP /tmp/npm-1391031034974/1391031034974-0.7848446134012192/___package.npm/mean-test/public/views/header.html
silly asyncMap in gTP /tmp/npm-1391031034974/1391031034974-0.7848446134012192/___package.npm/mean-test/public/views/articles
silly asyncMap in gTP /tmp/npm-1391031034974/1391031034974-0.7848446134012192/___package.npm/mean-test/public/views/articles/view.html
silly asyncMap in gTP /tmp/npm-1391031034974/1391031034974-0.7848446134012192/___package.npm/mean-test/public/views/articles/create.html
silly asyncMap in gTP /tmp/npm-1391031034974/1391031034974-0.7848446134012192/___package.npm/mean-test/public/views/articles/list.html
silly asyncMap in gTP /tmp/npm-1391031034974/1391031034974-0.7848446134012192/___package.npm/mean-test/public/views/articles/edit.html
silly asyncMap in gTP /tmp/npm-1391031034974/1391031034974-0.7848446134012192/___package.npm/mean-test/test
silly asyncMap in gTP /tmp/npm-1391031034974/1391031034974-0.7848446134012192/___package.npm/mean-test/test/mocha
silly asyncMap in gTP /tmp/npm-1391031034974/1391031034974-0.7848446134012192/___package.npm/mean-test/test/mocha/user
silly asyncMap in gTP /tmp/npm-1391031034974/1391031034974-0.7848446134012192/___package.npm/mean-test/test/mocha/user/model.js
silly asyncMap in gTP /tmp/npm-1391031034974/1391031034974-0.7848446134012192/___package.npm/mean-test/test/mocha/article
silly asyncMap in gTP /tmp/npm-1391031034974/1391031034974-0.7848446134012192/___package.npm/mean-test/test/mocha/article/model.js
silly asyncMap in gTP /tmp/npm-1391031034974/1391031034974-0.7848446134012192/___package.npm/mean-test/test/karma
silly asyncMap in gTP /tmp/npm-1391031034974/1391031034974-0.7848446134012192/___package.npm/mean-test/test/karma/karma.conf.js
silly asyncMap in gTP /tmp/npm-1391031034974/1391031034974-0.7848446134012192/___package.npm/mean-test/test/karma/unit
silly asyncMap in gTP /tmp/npm-1391031034974/1391031034974-0.7848446134012192/___package.npm/mean-test/test/karma/unit/controllers
silly asyncMap in gTP /tmp/npm-1391031034974/1391031034974-0.7848446134012192/___package.npm/mean-test/test/karma/unit/controllers/articles.spec.js
silly asyncMap in gTP /tmp/npm-1391031034974/1391031034974-0.7848446134012192/___package.npm/mean-test/test/karma/unit/controllers/headers.spec.js
silly asyncMap in gTP /tmp/npm-1391031034974/1391031034974-0.7848446134012192/___package.npm/mean-test/test/karma/unit/controllers/index.spec.js
silly chmod gruntfile.js 644
silly chmod .bowerrc 644
silly chmod package.json 755
silly chmod .slugignore 644
silly chmod bower.json 644
silly chmod README.md 644
silly chmod .npmignore 644
silly chmod .jshintrc 644
silly chmod .travis.yml 644
silly chmod Procfile 755
silly chmod server.js 755
silly chmod config 755
silly chmod passport.js 755
silly chmod config.js 644
silly chmod express.js 755
silly chmod env 755
silly chmod test.js 644
silly chmod production.js 644
silly chmod development.js 644
silly chmod all.js 644
silly chmod app 755
silly chmod controllers 755
silly chmod index.js 644
silly chmod users.js 755
silly chmod articles.js 644
silly chmod models 755
silly chmod user.js 755
silly chmod article.js 644
silly chmod views 755
silly chmod 500.jade 755
silly chmod index.jade 755
silly chmod 404.jade 755
silly chmod users 755
silly chmod auth.jade 755
silly chmod signup.jade 755
silly chmod signin.jade 755
silly chmod includes 755
silly chmod head.jade 755
silly chmod foot.jade 755
silly chmod layouts 755
silly chmod default.jade 755
silly chmod routes 755
silly chmod index.js 644
silly chmod users.js 644
silly chmod articles.js 644
silly chmod middlewares 755
silly chmod authorization.js 644
silly chmod public 755
silly chmod humans.txt 755
silly chmod robots.txt 755
silly chmod img 755
silly chmod .npmignore 755
silly chmod apple 755
silly chmod apple-touch-icon-114x114-precomposed.png 644
silly chmod apple-touch-icon-72x72-precomposed.png 644
silly chmod apple-touch-icon-precomposed.png 644
silly chmod splash2x.png 644
silly chmod apple-touch-icon.png 644
silly chmod apple-touch-icon-144x144-precomposed.png 644
silly chmod apple-touch-icon-57x57-precomposed.png 644
silly chmod splash.png 644
silly chmod sprites 755
silly chmod glyphicons-halflings.png 644
silly chmod glyphicons-halflings-white.png 644
silly chmod loaders 755
silly chmod loader.gif 644
silly chmod icons 755
silly chmod google.png 755
silly chmod github.png 755
silly chmod favicon.ico 644
silly chmod twitter.png 755
silly chmod linkedin.png 644
silly chmod facebook.png 755
silly chmod css 755
silly chmod common.css 644
silly chmod views 755
silly chmod articles.css 644
silly chmod js 755
silly chmod app.js 644
silly chmod directives.js 644
silly chmod config.js 644
silly chmod filters.js 644
silly chmod init.js 644
silly chmod controllers 755
silly chmod index.js 644
silly chmod header.js 644
silly chmod articles.js 644
silly chmod services 755
silly chmod articles.js 644
silly chmod global.js 644
silly chmod views 755
silly chmod index.html 644
silly chmod header.html 644
silly chmod articles 755
silly chmod view.html 644
silly chmod create.html 644
silly chmod list.html 644
silly chmod edit.html 644
silly chmod test 755
silly chmod mocha 755
silly chmod user 755
silly chmod model.js 644
silly chmod article 755
silly chmod model.js 644
silly chmod karma 755
silly chmod karma.conf.js 644
silly chmod unit 755
silly chmod controllers 755
silly chmod articles.spec.js 644
silly chmod headers.spec.js 644
silly chmod index.spec.js 644
verbose gunzed /tmp/npm-1391031034974/1391031034974-0.7848446134012192/___package.npm/mean-test
verbose rm'ed /tmp/npm-1391031034974/1391031034974-0.7848446134012192/package
verbose renamed [ '/tmp/npm-1391031034974/1391031034974-0.7848446134012192/___package.npm/mean-test',
verbose renamed   '/tmp/npm-1391031034974/1391031034974-0.7848446134012192/package' ]
verbose caching /tmp/npm-1391031034974/1391031034974-0.7848446134012192/package/package.json
verbose loadDefaults mean@0.1.2
verbose tarball contents [ 'package', 'tmp.tgz' ]
verbose from cache /tmp/npm-1391031034974/1391031034974-0.7848446134012192/package/package.json
verbose pack /tmp/npm-1391031034974/1391031034974-0.7848446134012192/package
verbose pack /tmp/npm-1391031034974/1391031034974-0.7848446134012192/package /home/dash/.npm/mean/0.1.2/package.tgz
silly makeList /tmp/npm-1391031034974/1391031034974-0.7848446134012192/package
silly dir, dirLen [ '/tmp/npm-1391031034974/1391031034974-0.7848446134012192/package',
silly dir, dirLen   64 ]
verbose tarball /home/dash/.npm/mean/0.1.2/package.tgz
verbose parent /tmp/npm-1391031034974/1391031034974-0.7848446134012192/package
verbose mkdir (expected) error ENOENT, no such file or directory '/home/dash/.npm/mean/0.1.2/___package.npm'
verbose mkdir done: /home/dash/.npm/mean/0.1.2/___package.npm 755
verbose unpack_ uid, gid [ 1000, 1000 ]
verbose unpackTarget /home/dash/.npm/mean/0.1.2/package
silly gunzTarPerm modes [ '755', '644' ]
silly afterUntar ok
silly asyncMap in gTP /home/dash/.npm/mean/0.1.2/___package.npm/package
silly asyncMap in gTP /home/dash/.npm/mean/0.1.2/___package.npm/package/gruntfile.js
silly asyncMap in gTP /home/dash/.npm/mean/0.1.2/___package.npm/package/.bowerrc
silly asyncMap in gTP /home/dash/.npm/mean/0.1.2/___package.npm/package/.slugignore
silly asyncMap in gTP /home/dash/.npm/mean/0.1.2/___package.npm/package/package.json
silly asyncMap in gTP /home/dash/.npm/mean/0.1.2/___package.npm/package/bower.json
silly asyncMap in gTP /home/dash/.npm/mean/0.1.2/___package.npm/package/README.md
silly asyncMap in gTP /home/dash/.npm/mean/0.1.2/___package.npm/package/.npmignore
silly asyncMap in gTP /home/dash/.npm/mean/0.1.2/___package.npm/package/.jshintrc
silly asyncMap in gTP /home/dash/.npm/mean/0.1.2/___package.npm/package/.travis.yml
silly asyncMap in gTP /home/dash/.npm/mean/0.1.2/___package.npm/package/Procfile
silly asyncMap in gTP /home/dash/.npm/mean/0.1.2/___package.npm/package/server.js
silly asyncMap in gTP /home/dash/.npm/mean/0.1.2/___package.npm/package/config
silly asyncMap in gTP /home/dash/.npm/mean/0.1.2/___package.npm/package/config/passport.js
silly asyncMap in gTP /home/dash/.npm/mean/0.1.2/___package.npm/package/config/config.js
silly asyncMap in gTP /home/dash/.npm/mean/0.1.2/___package.npm/package/config/express.js
silly asyncMap in gTP /home/dash/.npm/mean/0.1.2/___package.npm/package/config/env
silly asyncMap in gTP /home/dash/.npm/mean/0.1.2/___package.npm/package/config/env/test.js
silly asyncMap in gTP /home/dash/.npm/mean/0.1.2/___package.npm/package/config/env/production.js
silly asyncMap in gTP /home/dash/.npm/mean/0.1.2/___package.npm/package/config/env/development.js
silly asyncMap in gTP /home/dash/.npm/mean/0.1.2/___package.npm/package/config/env/all.js
silly asyncMap in gTP /home/dash/.npm/mean/0.1.2/___package.npm/package/app
silly asyncMap in gTP /home/dash/.npm/mean/0.1.2/___package.npm/package/app/models
silly asyncMap in gTP /home/dash/.npm/mean/0.1.2/___package.npm/package/app/models/user.js
silly asyncMap in gTP /home/dash/.npm/mean/0.1.2/___package.npm/package/app/models/article.js
silly asyncMap in gTP /home/dash/.npm/mean/0.1.2/___package.npm/package/app/controllers
silly asyncMap in gTP /home/dash/.npm/mean/0.1.2/___package.npm/package/app/controllers/index.js
silly asyncMap in gTP /home/dash/.npm/mean/0.1.2/___package.npm/package/app/controllers/users.js
silly asyncMap in gTP /home/dash/.npm/mean/0.1.2/___package.npm/package/app/controllers/articles.js
silly asyncMap in gTP /home/dash/.npm/mean/0.1.2/___package.npm/package/app/views
silly asyncMap in gTP /home/dash/.npm/mean/0.1.2/___package.npm/package/app/views/500.jade
silly asyncMap in gTP /home/dash/.npm/mean/0.1.2/___package.npm/package/app/views/index.jade
silly asyncMap in gTP /home/dash/.npm/mean/0.1.2/___package.npm/package/app/views/404.jade
silly asyncMap in gTP /home/dash/.npm/mean/0.1.2/___package.npm/package/app/views/users
silly asyncMap in gTP /home/dash/.npm/mean/0.1.2/___package.npm/package/app/views/users/auth.jade
silly asyncMap in gTP /home/dash/.npm/mean/0.1.2/___package.npm/package/app/views/users/signup.jade
silly asyncMap in gTP /home/dash/.npm/mean/0.1.2/___package.npm/package/app/views/users/signin.jade
silly asyncMap in gTP /home/dash/.npm/mean/0.1.2/___package.npm/package/app/views/includes
silly asyncMap in gTP /home/dash/.npm/mean/0.1.2/___package.npm/package/app/views/includes/head.jade
silly asyncMap in gTP /home/dash/.npm/mean/0.1.2/___package.npm/package/app/views/includes/foot.jade
silly asyncMap in gTP /home/dash/.npm/mean/0.1.2/___package.npm/package/app/views/layouts
silly asyncMap in gTP /home/dash/.npm/mean/0.1.2/___package.npm/package/app/views/layouts/default.jade
silly asyncMap in gTP /home/dash/.npm/mean/0.1.2/___package.npm/package/app/routes
silly asyncMap in gTP /home/dash/.npm/mean/0.1.2/___package.npm/package/app/routes/index.js
silly asyncMap in gTP /home/dash/.npm/mean/0.1.2/___package.npm/package/app/routes/users.js
silly asyncMap in gTP /home/dash/.npm/mean/0.1.2/___package.npm/package/app/routes/articles.js
silly asyncMap in gTP /home/dash/.npm/mean/0.1.2/___package.npm/package/app/routes/middlewares
silly asyncMap in gTP /home/dash/.npm/mean/0.1.2/___package.npm/package/app/routes/middlewares/authorization.js
silly asyncMap in gTP /home/dash/.npm/mean/0.1.2/___package.npm/package/public
silly asyncMap in gTP /home/dash/.npm/mean/0.1.2/___package.npm/package/public/humans.txt
silly asyncMap in gTP /home/dash/.npm/mean/0.1.2/___package.npm/package/public/robots.txt
silly asyncMap in gTP /home/dash/.npm/mean/0.1.2/___package.npm/package/public/img
silly asyncMap in gTP /home/dash/.npm/mean/0.1.2/___package.npm/package/public/img/.npmignore
silly asyncMap in gTP /home/dash/.npm/mean/0.1.2/___package.npm/package/public/img/apple
silly asyncMap in gTP /home/dash/.npm/mean/0.1.2/___package.npm/package/public/img/apple/apple-touch-icon-114x114-precomposed.png
silly asyncMap in gTP /home/dash/.npm/mean/0.1.2/___package.npm/package/public/img/apple/apple-touch-icon-72x72-precomposed.png
silly asyncMap in gTP /home/dash/.npm/mean/0.1.2/___package.npm/package/public/img/apple/apple-touch-icon-precomposed.png
silly asyncMap in gTP /home/dash/.npm/mean/0.1.2/___package.npm/package/public/img/apple/splash2x.png
silly asyncMap in gTP /home/dash/.npm/mean/0.1.2/___package.npm/package/public/img/apple/apple-touch-icon.png
silly asyncMap in gTP /home/dash/.npm/mean/0.1.2/___package.npm/package/public/img/apple/apple-touch-icon-144x144-precomposed.png
silly asyncMap in gTP /home/dash/.npm/mean/0.1.2/___package.npm/package/public/img/apple/apple-touch-icon-57x57-precomposed.png
silly asyncMap in gTP /home/dash/.npm/mean/0.1.2/___package.npm/package/public/img/apple/splash.png
silly asyncMap in gTP /home/dash/.npm/mean/0.1.2/___package.npm/package/public/img/sprites
silly asyncMap in gTP /home/dash/.npm/mean/0.1.2/___package.npm/package/public/img/sprites/glyphicons-halflings.png
silly asyncMap in gTP /home/dash/.npm/mean/0.1.2/___package.npm/package/public/img/sprites/glyphicons-halflings-white.png
silly asyncMap in gTP /home/dash/.npm/mean/0.1.2/___package.npm/package/public/img/loaders
silly asyncMap in gTP /home/dash/.npm/mean/0.1.2/___package.npm/package/public/img/loaders/loader.gif
silly asyncMap in gTP /home/dash/.npm/mean/0.1.2/___package.npm/package/public/img/icons
silly asyncMap in gTP /home/dash/.npm/mean/0.1.2/___package.npm/package/public/img/icons/google.png
silly asyncMap in gTP /home/dash/.npm/mean/0.1.2/___package.npm/package/public/img/icons/github.png
silly asyncMap in gTP /home/dash/.npm/mean/0.1.2/___package.npm/package/public/img/icons/favicon.ico
silly asyncMap in gTP /home/dash/.npm/mean/0.1.2/___package.npm/package/public/img/icons/twitter.png
silly asyncMap in gTP /home/dash/.npm/mean/0.1.2/___package.npm/package/public/img/icons/linkedin.png
silly asyncMap in gTP /home/dash/.npm/mean/0.1.2/___package.npm/package/public/img/icons/facebook.png
silly asyncMap in gTP /home/dash/.npm/mean/0.1.2/___package.npm/package/public/css
silly asyncMap in gTP /home/dash/.npm/mean/0.1.2/___package.npm/package/public/css/common.css
silly asyncMap in gTP /home/dash/.npm/mean/0.1.2/___package.npm/package/public/css/views
silly asyncMap in gTP /home/dash/.npm/mean/0.1.2/___package.npm/package/public/css/views/articles.css
silly asyncMap in gTP /home/dash/.npm/mean/0.1.2/___package.npm/package/public/js
silly asyncMap in gTP /home/dash/.npm/mean/0.1.2/___package.npm/package/public/js/app.js
silly asyncMap in gTP /home/dash/.npm/mean/0.1.2/___package.npm/package/public/js/directives.js
silly asyncMap in gTP /home/dash/.npm/mean/0.1.2/___package.npm/package/public/js/config.js
silly asyncMap in gTP /home/dash/.npm/mean/0.1.2/___package.npm/package/public/js/filters.js
silly asyncMap in gTP /home/dash/.npm/mean/0.1.2/___package.npm/package/public/js/init.js
silly asyncMap in gTP /home/dash/.npm/mean/0.1.2/___package.npm/package/public/js/controllers
silly asyncMap in gTP /home/dash/.npm/mean/0.1.2/___package.npm/package/public/js/controllers/index.js
silly asyncMap in gTP /home/dash/.npm/mean/0.1.2/___package.npm/package/public/js/controllers/header.js
silly asyncMap in gTP /home/dash/.npm/mean/0.1.2/___package.npm/package/public/js/controllers/articles.js
silly asyncMap in gTP /home/dash/.npm/mean/0.1.2/___package.npm/package/public/js/services
silly asyncMap in gTP /home/dash/.npm/mean/0.1.2/___package.npm/package/public/js/services/articles.js
silly asyncMap in gTP /home/dash/.npm/mean/0.1.2/___package.npm/package/public/js/services/global.js
silly asyncMap in gTP /home/dash/.npm/mean/0.1.2/___package.npm/package/public/views
silly asyncMap in gTP /home/dash/.npm/mean/0.1.2/___package.npm/package/public/views/index.html
silly asyncMap in gTP /home/dash/.npm/mean/0.1.2/___package.npm/package/public/views/header.html
silly asyncMap in gTP /home/dash/.npm/mean/0.1.2/___package.npm/package/public/views/articles
silly asyncMap in gTP /home/dash/.npm/mean/0.1.2/___package.npm/package/public/views/articles/view.html
silly asyncMap in gTP /home/dash/.npm/mean/0.1.2/___package.npm/package/public/views/articles/create.html
silly asyncMap in gTP /home/dash/.npm/mean/0.1.2/___package.npm/package/public/views/articles/list.html
silly asyncMap in gTP /home/dash/.npm/mean/0.1.2/___package.npm/package/public/views/articles/edit.html
silly asyncMap in gTP /home/dash/.npm/mean/0.1.2/___package.npm/package/test
silly asyncMap in gTP /home/dash/.npm/mean/0.1.2/___package.npm/package/test/mocha
silly asyncMap in gTP /home/dash/.npm/mean/0.1.2/___package.npm/package/test/mocha/user
silly asyncMap in gTP /home/dash/.npm/mean/0.1.2/___package.npm/package/test/mocha/user/model.js
silly asyncMap in gTP /home/dash/.npm/mean/0.1.2/___package.npm/package/test/mocha/article
silly asyncMap in gTP /home/dash/.npm/mean/0.1.2/___package.npm/package/test/mocha/article/model.js
silly asyncMap in gTP /home/dash/.npm/mean/0.1.2/___package.npm/package/test/karma
silly asyncMap in gTP /home/dash/.npm/mean/0.1.2/___package.npm/package/test/karma/karma.conf.js
silly asyncMap in gTP /home/dash/.npm/mean/0.1.2/___package.npm/package/test/karma/unit
silly asyncMap in gTP /home/dash/.npm/mean/0.1.2/___package.npm/package/test/karma/unit/controllers
silly asyncMap in gTP /home/dash/.npm/mean/0.1.2/___package.npm/package/test/karma/unit/controllers/articles.spec.js
silly asyncMap in gTP /home/dash/.npm/mean/0.1.2/___package.npm/package/test/karma/unit/controllers/headers.spec.js
silly asyncMap in gTP /home/dash/.npm/mean/0.1.2/___package.npm/package/test/karma/unit/controllers/index.spec.js
verbose gunzed /home/dash/.npm/mean/0.1.2/___package.npm/package
verbose rm'ed /home/dash/.npm/mean/0.1.2/package
verbose renamed [ '/home/dash/.npm/mean/0.1.2/___package.npm/package',
verbose renamed   '/home/dash/.npm/mean/0.1.2/package' ]
verbose caching /home/dash/.npm/mean/0.1.2/package/package.json
verbose loadDefaults mean@0.1.2
silly updated sha bytes 40960
silly updated sha bytes 40960
silly updated sha bytes 40960
silly updated sha bytes 40960
silly updated sha bytes 40960
silly updated sha bytes 40960
silly updated sha bytes 27681
info shasum 6ced601c20643bd5ca7c305efd6535be5cbb27aa
info shasum /home/dash/.npm/mean/0.1.2/package.tgz
verbose from cache /home/dash/.npm/mean/0.1.2/package/package.json
verbose chmod /home/dash/.npm/mean/0.1.2/package.tgz 644
verbose chown [ '/home/dash/.npm/mean/0.1.2/package.tgz', 1000, 1000 ]
silly resolved [ { name: 'mean',
silly resolved     description: 'MEAN - A Modern Stack: MongoDB, ExpressJS, AngularJS, NodeJS. (BONUS: Passport User Support).',
silly resolved     version: '0.1.2',
silly resolved     private: false,
silly resolved     author: { name: 'Amos Haviv' },
silly resolved     repository: { type: 'git', url: 'git://github.com/linnovate/mean.git' },
silly resolved     engines: { node: '0.10.x', npm: '1.3.x' },
silly resolved     scripts: 
silly resolved      { start: 'node node_modules/grunt-cli/bin/grunt',
silly resolved        test: 'node node_modules/grunt-cli/bin/grunt test',
silly resolved        postinstall: 'node node_modules/bower/bin/bower install' },
silly resolved     dependencies: 
silly resolved      { express: '~3.4.7',
silly resolved        jade: '~1.0.2',
silly resolved        mongoose: '~3.8.3',
silly resolved        'connect-mongo': '~0.4.0',
silly resolved        'connect-flash': '~0.1.1',
silly resolved        crypto: '0.0.3',
silly resolved        passport: '~0.1.18',
silly resolved        'passport-local': '~0.1.6',
silly resolved        'passport-facebook': '~1.0.2',
silly resolved        'passport-twitter': '~1.0.2',
silly resolved        'passport-github': '~0.1.5',
silly resolved        'passport-google-oauth': '~0.1.5',
silly resolved        'passport-linkedin': '~0.1.3',
silly resolved        lodash: '~2.4.1',
silly resolved        'view-helpers': '~0.1.4',
silly resolved        'mean-logger': '0.0.1',
silly resolved        bower: '~1.2.8',
silly resolved        grunt: '~0.4.2',
silly resolved        'grunt-cli': '~0.1.11',
silly resolved        'grunt-env': '~0.4.1',
silly resolved        forever: '~0.10.11',
silly resolved        'karma-script-launcher': '~0.1.0',
silly resolved        'karma-chrome-launcher': '~0.1.2',
silly resolved        'karma-firefox-launcher': '~0.1.3',
silly resolved        'karma-html2js-preprocessor': '~0.1.0',
silly resolved        'karma-jasmine': '~0.1.5',
silly resolved        'karma-requirejs': '~0.1.0',
silly resolved        should: '2.1.1',
silly resolved        'grunt-concurrent': '~0.4.2',
silly resolved        'grunt-karma': '~0.6.2',
silly resolved        'karma-coffee-preprocessor': '~0.1.2',
silly resolved        supertest: '0.8.2',
silly resolved        'karma-phantomjs-launcher': '~0.1.1',
silly resolved        'grunt-mocha-test': '~0.8.1',
silly resolved        'grunt-contrib-jshint': '~0.8.0',
silly resolved        'grunt-nodemon': '0.1.2',
silly resolved        'grunt-contrib-watch': '~0.5.3',
silly resolved        'karma-coverage': '~0.1.4',
silly resolved        karma: '~0.10.9' },
silly resolved     devDependencies: 
silly resolved      { supertest: '0.8.2',
silly resolved        should: '2.1.1',
silly resolved        'grunt-contrib-watch': 'latest',
silly resolved        'grunt-contrib-jshint': 'latest',
silly resolved        'grunt-nodemon': '0.1.2',
silly resolved        'grunt-concurrent': 'latest',
silly resolved        'grunt-mocha-test': 'latest',
silly resolved        'karma-script-launcher': '~0.1.0',
silly resolved        'karma-chrome-launcher': '~0.1.0',
silly resolved        'karma-firefox-launcher': '~0.1.0',
silly resolved        'karma-html2js-preprocessor': '~0.1.0',
silly resolved        'karma-jasmine': '~0.1.3',
silly resolved        'karma-requirejs': '~0.1.0',
silly resolved        'karma-coffee-preprocessor': '~0.1.0',
silly resolved        'karma-phantomjs-launcher': '~0.1.0',
silly resolved        karma: '~0.10.4',
silly resolved        'grunt-karma': '~0.6.2',
silly resolved        'karma-coverage': '~0.1.0' },
silly resolved     _id: 'mean@0.1.2',
silly resolved     optionalDependencies: {},
silly resolved     _engineSupported: false,
silly resolved     _npmVersion: '1.1.4',
silly resolved     _nodeVersion: 'v0.6.12',
silly resolved     _defaultsLoaded: true,
silly resolved     dist: { shasum: '6ced601c20643bd5ca7c305efd6535be5cbb27aa' },
silly resolved     _from: '.' } ]
info into /usr/local/lib mean@0.1.2
info installOne mean@0.1.2
verbose installOne cb mean@0.1.2
ERR! Unsupported
ERR! Not compatible with your version of node/npm: mean@0.1.2
ERR! Required: {"node":"0.10.x","npm":"1.3.x"}
ERR! Actual:   {"npm":"1.1.4","node":"0.6.12"}
ERR! 
ERR! System Linux 3.2.0-36-generic
ERR! command "node" "/usr/bin/npm" "install" "-g"
ERR! cwd /home/dash/Projects/mean-test
ERR! node -v v0.6.12
ERR! npm -v 1.1.4
ERR! code ENOTSUP
ERR! message Unsupported
ERR! errno {}
verbose exit [ 1, true ]
